<?xml version="1.0" encoding="UTF-8"?>
<testsuite xmlns:xsi="http://www.w3.org/2001/XMLSchema-instance" xsi:noNamespaceSchemaLocation="https://maven.apache.org/surefire/maven-surefire-plugin/xsd/surefire-test-report-3.0.xsd" version="3.0" name="TestSuite" time="4.426" tests="7" errors="0" skipped="0" failures="0">
  <properties>
[...]
</properties>
  <testcase name="testCheckBoxStake" classname="com.example.ReactAppSeleniumTest" time="0.497">
    <system-err><![CDATA[Starting ChromeDriver 121.0.6167.85 (3f98d690ad7e59242ef110144c757b2ac4eef1a2-refs/branch-heads/6167@{#1539}) on port 61734
Only local connections are allowed.
Please see https://chromedriver.chromium.org/security-considerations for suggestions on keeping ChromeDriver safe.
ChromeDriver was started successfully.
Feb 18, 2024 4:39:40 PM org.openqa.selenium.remote.ProtocolHandshake createSession
INFO: Detected dialect: W3C
]]></system-err>
  </testcase>
  <testcase name="testDropdown" classname="com.example.ReactAppSeleniumTest" time="0.039"/>
  <testcase name="testDropdownSelect" classname="com.example.ReactAppSeleniumTest" time="0.956"/>
  <testcase name="testSecondButtonText" classname="com.example.ReactAppSeleniumTest" time="0.03"/>
  <testcase name="testSecondParaText" classname="com.example.ReactAppSeleniumTest" time="0.028"/>
  <testcase name="testSecondParaText2" classname="com.example.ReactAppSeleniumTest" time="0.032"/>
  <testcase name="testTitle" classname="com.example.ReactAppSeleniumTest" time="0.005"/>
</testsuite>