<?xml version="1.0" encoding="UTF-8"?>
<testng-results ignored="0" total="7" passed="7" failed="0" skipped="0">
  <reporter-output>
  </reporter-output>
  <suite started-at="2024-02-18T14:39:39Z" name="SeleniumTestSuite" finished-at="2024-02-18T14:39:43Z" duration-ms="4032">
    <groups>
    </groups>
    <test started-at="2024-02-18T14:39:39Z" name="ReactAppTest" finished-at="2024-02-18T14:39:43Z" duration-ms="4032">
      <class name="com.example.ReactAppSeleniumTest">
        <test-method is-config="true" signature="setUp()[pri:0, instance:com.example.ReactAppSeleniumTest@2b4a2ec7]" started-at="2024-02-18T14:39:39Z" name="setUp" finished-at="2024-02-18T14:39:41Z" duration-ms="2287" status="PASS">
          <reporter-output>
          </reporter-output>
        </test-method> <!-- setUp -->
        <test-method signature="testCheckBoxStake()[pri:0, instance:com.example.ReactAppSeleniumTest@2b4a2ec7]" started-at="2024-02-18T14:39:41Z" name="testCheckBoxStake" finished-at="2024-02-18T14:39:42Z" duration-ms="567" status="PASS">
          <reporter-output>
          </reporter-output>
        </test-method> <!-- testCheckBoxStake -->
        <test-method signature="testDropdown()[pri:0, instance:com.example.ReactAppSeleniumTest@2b4a2ec7]" started-at="2024-02-18T14:39:42Z" name="testDropdown" finished-at="2024-02-18T14:39:42Z" duration-ms="40" status="PASS">
          <reporter-output>
          </reporter-output>
        </test-method> <!-- testDropdown -->
        <test-method signature="testDropdownSelect()[pri:0, instance:com.example.ReactAppSeleniumTest@2b4a2ec7]" started-at="2024-02-18T14:39:42Z" name="testDropdownSelect" finished-at="2024-02-18T14:39:43Z" duration-ms="956" status="PASS">
          <reporter-output>
          </reporter-output>
        </test-method> <!-- testDropdownSelect -->
        <test-method signature="testSecondButtonText()[pri:0, instance:com.example.ReactAppSeleniumTest@2b4a2ec7]" started-at="2024-02-18T14:39:43Z" name="testSecondButtonText" finished-at="2024-02-18T14:39:43Z" duration-ms="30" status="PASS">
          <reporter-output>
          </reporter-output>
        </test-method> <!-- testSecondButtonText -->
        <test-method signature="testSecondParaText()[pri:0, instance:com.example.ReactAppSeleniumTest@2b4a2ec7]" started-at="2024-02-18T14:39:43Z" name="testSecondParaText" finished-at="2024-02-18T14:39:43Z" duration-ms="27" status="PASS">
          <reporter-output>
          </reporter-output>
        </test-method> <!-- testSecondParaText -->
        <test-method signature="testSecondParaText2()[pri:0, instance:com.example.ReactAppSeleniumTest@2b4a2ec7]" started-at="2024-02-18T14:39:43Z" name="testSecondParaText2" finished-at="2024-02-18T14:39:43Z" duration-ms="32" status="PASS">
          <reporter-output>
          </reporter-output>
        </test-method> <!-- testSecondParaText2 -->
        <test-method signature="testTitle()[pri:0, instance:com.example.ReactAppSeleniumTest@2b4a2ec7]" started-at="2024-02-18T14:39:43Z" name="testTitle" finished-at="2024-02-18T14:39:43Z" duration-ms="5" status="PASS">
          <reporter-output>
          </reporter-output>
        </test-method> <!-- testTitle -->
        <test-method is-config="true" signature="tearDown()[pri:0, instance:com.example.ReactAppSeleniumTest@2b4a2ec7]" started-at="2024-02-18T14:39:43Z" name="tearDown" finished-at="2024-02-18T14:39:43Z" duration-ms="66" status="PASS">
          <reporter-output>
          </reporter-output>
        </test-method> <!-- tearDown -->
      </class> <!-- com.example.ReactAppSeleniumTest -->
    </test> <!-- ReactAppTest -->
  </suite> <!-- SeleniumTestSuite -->
</testng-results>
