<?xml version="1.0" encoding="UTF-8"?>
<!-- Generated by org.testng.reporters.JUnitXMLReporter -->
<testsuite ignored="0" hostname="home-lenovo" failures="0" tests="7" name="ReactAppTest" time="4.032" errors="0" timestamp="18 Feb 2024 14:39:43 GMT">
  <testcase classname="com.example.ReactAppSeleniumTest" name="testCheckBoxStake" time="0.567"/>
  <testcase classname="com.example.ReactAppSeleniumTest" name="testDropdown" time="0.04"/>
  <testcase classname="com.example.ReactAppSeleniumTest" name="testDropdownSelect" time="0.956"/>
  <testcase classname="com.example.ReactAppSeleniumTest" name="testSecondButtonText" time="0.03"/>
  <testcase classname="com.example.ReactAppSeleniumTest" name="testSecondParaText" time="0.027"/>
  <testcase classname="com.example.ReactAppSeleniumTest" name="testSecondParaText2" time="0.032"/>
  <testcase classname="com.example.ReactAppSeleniumTest" name="testTitle" time="0.005"/>
</testsuite> <!-- ReactAppTest -->
